d:\桌面\freetype-2.10.4\objs\x64\debug\freetype.pdb
d:\桌面\freetype-2.10.4\objs\x64\debug\ftdebug.obj
d:\桌面\freetype-2.10.4\objs\x64\debug\ftinit.obj
d:\桌面\freetype-2.10.4\objs\x64\debug\pcf.obj
d:\桌面\freetype-2.10.4\objs\x64\debug\ftbbox.obj
d:\桌面\freetype-2.10.4\objs\x64\debug\psaux.obj
d:\桌面\freetype-2.10.4\objs\x64\debug\ftotval.obj
d:\桌面\freetype-2.10.4\objs\x64\debug\ftcache.obj
d:\桌面\freetype-2.10.4\objs\x64\debug\ftbase.obj
d:\桌面\freetype-2.10.4\objs\x64\debug\raster.obj
d:\桌面\freetype-2.10.4\objs\x64\debug\ftgxval.obj
d:\桌面\freetype-2.10.4\objs\x64\debug\ftsynth.obj
d:\桌面\freetype-2.10.4\objs\x64\debug\smooth.obj
d:\桌面\freetype-2.10.4\objs\x64\debug\autofit.obj
d:\桌面\freetype-2.10.4\objs\x64\debug\psmodule.obj
d:\桌面\freetype-2.10.4\objs\x64\debug\ftmm.obj
d:\桌面\freetype-2.10.4\objs\x64\debug\bdf.obj
d:\桌面\freetype-2.10.4\objs\x64\debug\ftbitmap.obj
d:\桌面\freetype-2.10.4\objs\x64\debug\ftlzw.obj
d:\桌面\freetype-2.10.4\objs\x64\debug\type42.obj
d:\桌面\freetype-2.10.4\objs\x64\debug\ftgasp.obj
d:\桌面\freetype-2.10.4\objs\x64\debug\ftwinfnt.obj
d:\桌面\freetype-2.10.4\objs\x64\debug\truetype.obj
d:\桌面\freetype-2.10.4\objs\x64\debug\ftglyph.obj
d:\桌面\freetype-2.10.4\objs\x64\debug\pfr.obj
d:\桌面\freetype-2.10.4\objs\x64\debug\ftstroke.obj
d:\桌面\freetype-2.10.4\objs\x64\debug\cff.obj
d:\桌面\freetype-2.10.4\objs\x64\debug\ftfstype.obj
d:\桌面\freetype-2.10.4\objs\x64\debug\pshinter.obj
d:\桌面\freetype-2.10.4\objs\x64\debug\ftpatent.obj
d:\桌面\freetype-2.10.4\objs\x64\debug\type1cid.obj
d:\桌面\freetype-2.10.4\objs\x64\debug\ftcid.obj
d:\桌面\freetype-2.10.4\objs\x64\debug\fttype1.obj
d:\桌面\freetype-2.10.4\objs\x64\debug\type1.obj
d:\桌面\freetype-2.10.4\objs\x64\debug\ftpfr.obj
d:\桌面\freetype-2.10.4\objs\x64\debug\ftsystem.obj
d:\桌面\freetype-2.10.4\objs\x64\debug\sfnt.obj
d:\桌面\freetype-2.10.4\objs\x64\debug\ftbdf.obj
d:\桌面\freetype-2.10.4\objs\x64\debug\ftgzip.obj
d:\桌面\freetype-2.10.4\objs\x64\debug\winfnt.obj
d:\桌面\freetype-2.10.4\objs\x64\debug\freetype.ilk
d:\桌面\freetype-2.10.4\objs\x64\debug\freetype.dll
d:\桌面\freetype-2.10.4\objs\x64\debug\freetype.lib
d:\桌面\freetype-2.10.4\objs\x64\debug\freetype.exp
d:\桌面\freetype-2.10.4\objs\x64\debug\ftver.res
d:\桌面\freetype-2.10.4\objs\x64\debug\..\..\..\objs\x64\debug\freetype.pdb
d:\桌面\freetype-2.10.4\objs\x64\debug\..\..\..\objs\x64\debug\freetype.ilk
d:\桌面\freetype-2.10.4\objs\x64\debug\..\..\..\objs\x64\debug\freetype.vcxproj.filelistabsolute.txt
d:\桌面\freetype-2.10.4\objs\x64\debug\freetype.tlog\cl.command.1.tlog
d:\桌面\freetype-2.10.4\objs\x64\debug\freetype.tlog\cl.read.1.tlog
d:\桌面\freetype-2.10.4\objs\x64\debug\freetype.tlog\cl.write.1.tlog
d:\桌面\freetype-2.10.4\objs\x64\debug\freetype.tlog\link.command.1.tlog
d:\桌面\freetype-2.10.4\objs\x64\debug\freetype.tlog\link.read.1.tlog
d:\桌面\freetype-2.10.4\objs\x64\debug\freetype.tlog\link.write.1.tlog
d:\桌面\freetype-2.10.4\objs\x64\debug\freetype.tlog\link.write.2u.tlog
d:\桌面\freetype-2.10.4\objs\x64\debug\freetype.tlog\rc.command.1.tlog
d:\桌面\freetype-2.10.4\objs\x64\debug\freetype.tlog\rc.read.1.tlog
d:\桌面\freetype-2.10.4\objs\x64\debug\freetype.tlog\rc.write.1.tlog
